<?xml version="1.0" encoding="UTF-8"?>
<testng-results ignored="0" total="1" passed="1" failed="0" skipped="0">
  <reporter-output>
  </reporter-output>
  <suite started-at="2024-04-16T15:23:08 IST" name="Suite" finished-at="2024-04-16T15:23:26 IST" duration-ms="18153">
    <groups>
    </groups>
    <test started-at="2024-04-16T15:23:08 IST" name="Test" finished-at="2024-04-16T15:23:26 IST" duration-ms="18153">
      <class name="Base">
        <test-method signature="testCalender()[pri:0, instance:Base@20140db9]" started-at="2024-04-16T15:23:08 IST" name="testCalender" finished-at="2024-04-16T15:23:26 IST" duration-ms="18073" status="PASS">
          <reporter-output>
          </reporter-output>
        </test-method> <!-- testCalender -->
      </class> <!-- Base -->
    </test> <!-- Test -->
  </suite> <!-- Suite -->
</testng-results>
