<?xml version="1.0" encoding="UTF-8"?>
<testng-results ignored="0" total="1" passed="1" failed="0" skipped="0">
  <reporter-output>
  </reporter-output>
  <suite started-at="2024-04-16T14:46:21 IST" name="Default suite" finished-at="2024-04-16T14:46:36 IST" duration-ms="15228">
    <groups>
    </groups>
    <test started-at="2024-04-16T14:46:21 IST" name="Default test" finished-at="2024-04-16T14:46:36 IST" duration-ms="15228">
      <class name="Base">
        <test-method signature="testCalender()[pri:0, instance:Base@60bd273d]" started-at="2024-04-16T14:46:21 IST" name="testCalender" finished-at="2024-04-16T14:46:36 IST" duration-ms="15103" status="PASS">
          <reporter-output>
          </reporter-output>
        </test-method> <!-- testCalender -->
      </class> <!-- Base -->
    </test> <!-- Default test -->
  </suite> <!-- Default suite -->
</testng-results>
